<?xml version="1.0" encoding="UTF-8"?>
<testng-results ignored="0" total="2" passed="2" failed="0" skipped="0">
  <reporter-output>
  </reporter-output>
  <suite started-at="2025-10-25T01:12:06 GMT-05:00" name="Suite" finished-at="2025-10-25T01:12:47 GMT-05:00" duration-ms="41777">
    <groups>
      <group name="Master">
        <method signature="TC001_AccountRegistrationTest.verify_account_refistration()[pri:0, instance:testCase.TC001_AccountRegistrationTest@2145b572]" name="verify_account_refistration" class="testCase.TC001_AccountRegistrationTest"/>
        <method signature="TC001_LoginTest.verify_Login()[pri:0, instance:testCase.TC001_LoginTest@1cbbffcd]" name="verify_Login" class="testCase.TC001_LoginTest"/>
      </group> <!-- Master -->
      <group name="Sanity">
        <method signature="TC001_LoginTest.verify_Login()[pri:0, instance:testCase.TC001_LoginTest@1cbbffcd]" name="verify_Login" class="testCase.TC001_LoginTest"/>
      </group> <!-- Sanity -->
      <group name="Regression">
        <method signature="TC001_AccountRegistrationTest.verify_account_refistration()[pri:0, instance:testCase.TC001_AccountRegistrationTest@2145b572]" name="verify_account_refistration" class="testCase.TC001_AccountRegistrationTest"/>
        <method signature="TC001_LoginTest.verify_Login()[pri:0, instance:testCase.TC001_LoginTest@1cbbffcd]" name="verify_Login" class="testCase.TC001_LoginTest"/>
      </group> <!-- Regression -->
    </groups>
    <test started-at="2025-10-25T01:12:06 GMT-05:00" name="Test" finished-at="2025-10-25T01:12:47 GMT-05:00" duration-ms="41777">
      <class name="testCase.TC001_LoginTest">
        <test-method is-config="true" signature="setup(java.lang.String,java.lang.String)[pri:0, instance:testCase.TC001_LoginTest@1cbbffcd]" started-at="2025-10-25T01:12:26 GMT-05:00" name="setup" finished-at="2025-10-25T01:12:39 GMT-05:00" duration-ms="13876" status="PASS">
          <params>
            <param index="0">
              <value>
                <![CDATA[Windows]]>
              </value>
            </param>
            <param index="1">
              <value>
                <![CDATA[Chrome]]>
              </value>
            </param>
          </params>
          <reporter-output>
          </reporter-output>
        </test-method> <!-- setup -->
        <test-method signature="verify_Login()[pri:0, instance:testCase.TC001_LoginTest@1cbbffcd]" started-at="2025-10-25T01:12:39 GMT-05:00" name="verify_Login" finished-at="2025-10-25T01:12:47 GMT-05:00" duration-ms="7445" status="PASS">
          <reporter-output>
          </reporter-output>
        </test-method> <!-- verify_Login -->
        <test-method is-config="true" signature="tearDown()[pri:0, instance:testCase.TC001_LoginTest@1cbbffcd]" started-at="2025-10-25T01:12:47 GMT-05:00" name="tearDown" finished-at="2025-10-25T01:12:47 GMT-05:00" duration-ms="397" status="PASS">
          <reporter-output>
          </reporter-output>
        </test-method> <!-- tearDown -->
      </class> <!-- testCase.TC001_LoginTest -->
      <class name="testCase.TC001_AccountRegistrationTest">
        <test-method is-config="true" signature="setup(java.lang.String,java.lang.String)[pri:0, instance:testCase.TC001_AccountRegistrationTest@2145b572]" started-at="2025-10-25T01:12:06 GMT-05:00" name="setup" finished-at="2025-10-25T01:12:16 GMT-05:00" duration-ms="10714" status="PASS">
          <params>
            <param index="0">
              <value>
                <![CDATA[Windows]]>
              </value>
            </param>
            <param index="1">
              <value>
                <![CDATA[Chrome]]>
              </value>
            </param>
          </params>
          <reporter-output>
          </reporter-output>
        </test-method> <!-- setup -->
        <test-method signature="verify_account_refistration()[pri:0, instance:testCase.TC001_AccountRegistrationTest@2145b572]" started-at="2025-10-25T01:12:16 GMT-05:00" name="verify_account_refistration" finished-at="2025-10-25T01:12:25 GMT-05:00" duration-ms="8805" status="PASS">
          <reporter-output>
          </reporter-output>
        </test-method> <!-- verify_account_refistration -->
        <test-method is-config="true" signature="tearDown()[pri:0, instance:testCase.TC001_AccountRegistrationTest@2145b572]" started-at="2025-10-25T01:12:25 GMT-05:00" name="tearDown" finished-at="2025-10-25T01:12:26 GMT-05:00" duration-ms="401" status="PASS">
          <reporter-output>
          </reporter-output>
        </test-method> <!-- tearDown -->
      </class> <!-- testCase.TC001_AccountRegistrationTest -->
    </test> <!-- Test -->
  </suite> <!-- Suite -->
</testng-results>
