<?xml version="1.0" encoding="UTF-8"?>
<testng-results ignored="0" total="1" passed="1" failed="0" skipped="0">
  <reporter-output>
  </reporter-output>
  <suite started-at="2025-10-24T15:54:47 GMT-05:00" name="Suite" finished-at="2025-10-24T15:55:10 GMT-05:00" duration-ms="23048">
    <groups>
      <group name="Master">
        <method signature="TC001_LoginTest.verify_Login()[pri:0, instance:testCase.TC001_LoginTest@1ce24091]" name="verify_Login" class="testCase.TC001_LoginTest"/>
      </group> <!-- Master -->
      <group name="Sanity">
        <method signature="TC001_LoginTest.verify_Login()[pri:0, instance:testCase.TC001_LoginTest@1ce24091]" name="verify_Login" class="testCase.TC001_LoginTest"/>
      </group> <!-- Sanity -->
      <group name="Regression">
        <method signature="TC001_LoginTest.verify_Login()[pri:0, instance:testCase.TC001_LoginTest@1ce24091]" name="verify_Login" class="testCase.TC001_LoginTest"/>
      </group> <!-- Regression -->
    </groups>
    <test started-at="2025-10-24T15:54:47 GMT-05:00" name="Test" finished-at="2025-10-24T15:55:10 GMT-05:00" duration-ms="23048">
      <class name="testCase.TC001_LoginTest">
        <test-method is-config="true" signature="setup(java.lang.String,java.lang.String)[pri:0, instance:testCase.TC001_LoginTest@1ce24091]" started-at="2025-10-24T15:54:47 GMT-05:00" name="setup" finished-at="2025-10-24T15:54:59 GMT-05:00" duration-ms="12571" status="PASS">
          <params>
            <param index="0">
              <value>
                <![CDATA[Windows]]>
              </value>
            </param>
            <param index="1">
              <value>
                <![CDATA[Chrome]]>
              </value>
            </param>
          </params>
          <reporter-output>
          </reporter-output>
        </test-method> <!-- setup -->
        <test-method signature="verify_Login()[pri:0, instance:testCase.TC001_LoginTest@1ce24091]" started-at="2025-10-24T15:54:59 GMT-05:00" name="verify_Login" finished-at="2025-10-24T15:55:07 GMT-05:00" duration-ms="8006" status="PASS">
          <reporter-output>
          </reporter-output>
        </test-method> <!-- verify_Login -->
        <test-method is-config="true" signature="tearDown()[pri:0, instance:testCase.TC001_LoginTest@1ce24091]" started-at="2025-10-24T15:55:07 GMT-05:00" name="tearDown" finished-at="2025-10-24T15:55:10 GMT-05:00" duration-ms="2365" status="PASS">
          <reporter-output>
          </reporter-output>
        </test-method> <!-- tearDown -->
      </class> <!-- testCase.TC001_LoginTest -->
    </test> <!-- Test -->
  </suite> <!-- Suite -->
</testng-results>
